<?xml version="1.0"?>
<ruleset name="junitRuleset" xmlns="http://pmd.sourceforge.net/ruleset/2.0.0" xmlns:xsi="http://www.w3.org/2001/XMLSchema-instance" xsi:schemaLocation="http://pmd.sourceforge.net/ruleset/2.0.0 http://pmd.sourceforge.net/ruleset_2_0_0.xsd" >

<rule ref="rulesets/java/junit.xml"/>

<rule ref="rulesets/java/migrating.xml/JUnit4TestShouldUseBeforeAnnotation"/>

<rule ref="rulesets/java/migrating.xml/JUnit4TestShouldUseAfterAnnotation"/>

<rule ref="rulesets/java/migrating.xml/JUnit4TestShouldUseTestAnnotation"/>

<rule ref="rulesets/java/migrating.xml/JUnit4SuitesShouldUseSuiteAnnotation"/>

<rule ref="rulesets/java/migrating.xml/JUnitUseExpected"/>
</ruleset>